[2025-07-30 13:22:54] local.ERROR: Class "NunoMaduro\Collision\Adapters\Laravel\CollisionServiceProvider" not found {"exception":"[object] (Error(code: 0): Class \"NunoMaduro\\Collision\\Adapters\\Laravel\\CollisionServiceProvider\" not found at /var/www/vhosts/spgcenter.online/httpdocs/vendor/laravel/framework/src/Illuminate/Foundation/Application.php:880)
[stacktrace]
#0 /var/www/vhosts/spgcenter.online/httpdocs/vendor/laravel/framework/src/Illuminate/Foundation/Application.php(814): Illuminate\\Foundation\\Application->resolveProvider()
#1 /var/www/vhosts/spgcenter.online/httpdocs/vendor/laravel/framework/src/Illuminate/Foundation/ProviderRepository.php(75): Illuminate\\Foundation\\Application->register()
#2 /var/www/vhosts/spgcenter.online/httpdocs/vendor/laravel/framework/src/Illuminate/Foundation/Application.php(794): Illuminate\\Foundation\\ProviderRepository->load()
#3 /var/www/vhosts/spgcenter.online/httpdocs/vendor/laravel/framework/src/Illuminate/Foundation/Bootstrap/RegisterProviders.php(17): Illuminate\\Foundation\\Application->registerConfiguredProviders()
#4 /var/www/vhosts/spgcenter.online/httpdocs/vendor/laravel/framework/src/Illuminate/Foundation/Application.php(286): Illuminate\\Foundation\\Bootstrap\\RegisterProviders->bootstrap()
#5 /var/www/vhosts/spgcenter.online/httpdocs/vendor/laravel/framework/src/Illuminate/Foundation/Http/Kernel.php(186): Illuminate\\Foundation\\Application->bootstrapWith()
#6 /var/www/vhosts/spgcenter.online/httpdocs/vendor/laravel/framework/src/Illuminate/Foundation/Http/Kernel.php(170): Illuminate\\Foundation\\Http\\Kernel->bootstrap()
#7 /var/www/vhosts/spgcenter.online/httpdocs/vendor/laravel/framework/src/Illuminate/Foundation/Http/Kernel.php(144): Illuminate\\Foundation\\Http\\Kernel->sendRequestThroughRouter()
#8 /var/www/vhosts/spgcenter.online/httpdocs/public/index.php(51): Illuminate\\Foundation\\Http\\Kernel->handle()
#9 {main}
"} 
[2025-07-30 17:42:43] local.ERROR: Class "NunoMaduro\Collision\Adapters\Laravel\CollisionServiceProvider" not found {"exception":"[object] (Error(code: 0): Class \"NunoMaduro\\Collision\\Adapters\\Laravel\\CollisionServiceProvider\" not found at /var/www/vhosts/spgcenter.online/httpdocs/vendor/laravel/framework/src/Illuminate/Foundation/Application.php:880)
[stacktrace]
#0 /var/www/vhosts/spgcenter.online/httpdocs/vendor/laravel/framework/src/Illuminate/Foundation/Application.php(814): Illuminate\\Foundation\\Application->resolveProvider()
#1 /var/www/vhosts/spgcenter.online/httpdocs/vendor/laravel/framework/src/Illuminate/Foundation/ProviderRepository.php(75): Illuminate\\Foundation\\Application->register()
#2 /var/www/vhosts/spgcenter.online/httpdocs/vendor/laravel/framework/src/Illuminate/Foundation/Application.php(794): Illuminate\\Foundation\\ProviderRepository->load()
#3 /var/www/vhosts/spgcenter.online/httpdocs/vendor/laravel/framework/src/Illuminate/Foundation/Bootstrap/RegisterProviders.php(17): Illuminate\\Foundation\\Application->registerConfiguredProviders()
#4 /var/www/vhosts/spgcenter.online/httpdocs/vendor/laravel/framework/src/Illuminate/Foundation/Application.php(286): Illuminate\\Foundation\\Bootstrap\\RegisterProviders->bootstrap()
#5 /var/www/vhosts/spgcenter.online/httpdocs/vendor/laravel/framework/src/Illuminate/Foundation/Http/Kernel.php(186): Illuminate\\Foundation\\Application->bootstrapWith()
#6 /var/www/vhosts/spgcenter.online/httpdocs/vendor/laravel/framework/src/Illuminate/Foundation/Http/Kernel.php(170): Illuminate\\Foundation\\Http\\Kernel->bootstrap()
#7 /var/www/vhosts/spgcenter.online/httpdocs/vendor/laravel/framework/src/Illuminate/Foundation/Http/Kernel.php(144): Illuminate\\Foundation\\Http\\Kernel->sendRequestThroughRouter()
#8 /var/www/vhosts/spgcenter.online/httpdocs/public/index.php(51): Illuminate\\Foundation\\Http\\Kernel->handle()
#9 {main}
"} 
[2025-07-30 20:58:00] local.ERROR: Class "NunoMaduro\Collision\Adapters\Laravel\CollisionServiceProvider" not found {"exception":"[object] (Error(code: 0): Class \"NunoMaduro\\Collision\\Adapters\\Laravel\\CollisionServiceProvider\" not found at /var/www/vhosts/spgcenter.online/httpdocs/vendor/laravel/framework/src/Illuminate/Foundation/Application.php:880)
[stacktrace]
#0 /var/www/vhosts/spgcenter.online/httpdocs/vendor/laravel/framework/src/Illuminate/Foundation/Application.php(814): Illuminate\\Foundation\\Application->resolveProvider()
#1 /var/www/vhosts/spgcenter.online/httpdocs/vendor/laravel/framework/src/Illuminate/Foundation/ProviderRepository.php(75): Illuminate\\Foundation\\Application->register()
#2 /var/www/vhosts/spgcenter.online/httpdocs/vendor/laravel/framework/src/Illuminate/Foundation/Application.php(794): Illuminate\\Foundation\\ProviderRepository->load()
#3 /var/www/vhosts/spgcenter.online/httpdocs/vendor/laravel/framework/src/Illuminate/Foundation/Bootstrap/RegisterProviders.php(17): Illuminate\\Foundation\\Application->registerConfiguredProviders()
#4 /var/www/vhosts/spgcenter.online/httpdocs/vendor/laravel/framework/src/Illuminate/Foundation/Application.php(286): Illuminate\\Foundation\\Bootstrap\\RegisterProviders->bootstrap()
#5 /var/www/vhosts/spgcenter.online/httpdocs/vendor/laravel/framework/src/Illuminate/Foundation/Http/Kernel.php(186): Illuminate\\Foundation\\Application->bootstrapWith()
#6 /var/www/vhosts/spgcenter.online/httpdocs/vendor/laravel/framework/src/Illuminate/Foundation/Http/Kernel.php(170): Illuminate\\Foundation\\Http\\Kernel->bootstrap()
#7 /var/www/vhosts/spgcenter.online/httpdocs/vendor/laravel/framework/src/Illuminate/Foundation/Http/Kernel.php(144): Illuminate\\Foundation\\Http\\Kernel->sendRequestThroughRouter()
#8 /var/www/vhosts/spgcenter.online/httpdocs/public/index.php(51): Illuminate\\Foundation\\Http\\Kernel->handle()
#9 {main}
"} 
[2025-07-30 20:58:01] local.ERROR: Class "NunoMaduro\Collision\Adapters\Laravel\CollisionServiceProvider" not found {"exception":"[object] (Error(code: 0): Class \"NunoMaduro\\Collision\\Adapters\\Laravel\\CollisionServiceProvider\" not found at /var/www/vhosts/spgcenter.online/httpdocs/vendor/laravel/framework/src/Illuminate/Foundation/Application.php:880)
[stacktrace]
#0 /var/www/vhosts/spgcenter.online/httpdocs/vendor/laravel/framework/src/Illuminate/Foundation/Application.php(814): Illuminate\\Foundation\\Application->resolveProvider()
#1 /var/www/vhosts/spgcenter.online/httpdocs/vendor/laravel/framework/src/Illuminate/Foundation/ProviderRepository.php(75): Illuminate\\Foundation\\Application->register()
#2 /var/www/vhosts/spgcenter.online/httpdocs/vendor/laravel/framework/src/Illuminate/Foundation/Application.php(794): Illuminate\\Foundation\\ProviderRepository->load()
#3 /var/www/vhosts/spgcenter.online/httpdocs/vendor/laravel/framework/src/Illuminate/Foundation/Bootstrap/RegisterProviders.php(17): Illuminate\\Foundation\\Application->registerConfiguredProviders()
#4 /var/www/vhosts/spgcenter.online/httpdocs/vendor/laravel/framework/src/Illuminate/Foundation/Application.php(286): Illuminate\\Foundation\\Bootstrap\\RegisterProviders->bootstrap()
#5 /var/www/vhosts/spgcenter.online/httpdocs/vendor/laravel/framework/src/Illuminate/Foundation/Http/Kernel.php(186): Illuminate\\Foundation\\Application->bootstrapWith()
#6 /var/www/vhosts/spgcenter.online/httpdocs/vendor/laravel/framework/src/Illuminate/Foundation/Http/Kernel.php(170): Illuminate\\Foundation\\Http\\Kernel->bootstrap()
#7 /var/www/vhosts/spgcenter.online/httpdocs/vendor/laravel/framework/src/Illuminate/Foundation/Http/Kernel.php(144): Illuminate\\Foundation\\Http\\Kernel->sendRequestThroughRouter()
#8 /var/www/vhosts/spgcenter.online/httpdocs/public/index.php(51): Illuminate\\Foundation\\Http\\Kernel->handle()
#9 {main}
"} 
[2025-07-30 22:07:01] local.ERROR: Class "NunoMaduro\Collision\Adapters\Laravel\CollisionServiceProvider" not found {"exception":"[object] (Error(code: 0): Class \"NunoMaduro\\Collision\\Adapters\\Laravel\\CollisionServiceProvider\" not found at /var/www/vhosts/spgcenter.online/httpdocs/vendor/laravel/framework/src/Illuminate/Foundation/Application.php:880)
[stacktrace]
#0 /var/www/vhosts/spgcenter.online/httpdocs/vendor/laravel/framework/src/Illuminate/Foundation/Application.php(814): Illuminate\\Foundation\\Application->resolveProvider()
#1 /var/www/vhosts/spgcenter.online/httpdocs/vendor/laravel/framework/src/Illuminate/Foundation/ProviderRepository.php(75): Illuminate\\Foundation\\Application->register()
#2 /var/www/vhosts/spgcenter.online/httpdocs/vendor/laravel/framework/src/Illuminate/Foundation/Application.php(794): Illuminate\\Foundation\\ProviderRepository->load()
#3 /var/www/vhosts/spgcenter.online/httpdocs/vendor/laravel/framework/src/Illuminate/Foundation/Bootstrap/RegisterProviders.php(17): Illuminate\\Foundation\\Application->registerConfiguredProviders()
#4 /var/www/vhosts/spgcenter.online/httpdocs/vendor/laravel/framework/src/Illuminate/Foundation/Application.php(286): Illuminate\\Foundation\\Bootstrap\\RegisterProviders->bootstrap()
#5 /var/www/vhosts/spgcenter.online/httpdocs/vendor/laravel/framework/src/Illuminate/Foundation/Http/Kernel.php(186): Illuminate\\Foundation\\Application->bootstrapWith()
#6 /var/www/vhosts/spgcenter.online/httpdocs/vendor/laravel/framework/src/Illuminate/Foundation/Http/Kernel.php(170): Illuminate\\Foundation\\Http\\Kernel->bootstrap()
#7 /var/www/vhosts/spgcenter.online/httpdocs/vendor/laravel/framework/src/Illuminate/Foundation/Http/Kernel.php(144): Illuminate\\Foundation\\Http\\Kernel->sendRequestThroughRouter()
#8 /var/www/vhosts/spgcenter.online/httpdocs/public/index.php(51): Illuminate\\Foundation\\Http\\Kernel->handle()
#9 {main}
"} 
[2025-07-30 22:07:04] local.ERROR: Class "NunoMaduro\Collision\Adapters\Laravel\CollisionServiceProvider" not found {"exception":"[object] (Error(code: 0): Class \"NunoMaduro\\Collision\\Adapters\\Laravel\\CollisionServiceProvider\" not found at /var/www/vhosts/spgcenter.online/httpdocs/vendor/laravel/framework/src/Illuminate/Foundation/Application.php:880)
[stacktrace]
#0 /var/www/vhosts/spgcenter.online/httpdocs/vendor/laravel/framework/src/Illuminate/Foundation/Application.php(814): Illuminate\\Foundation\\Application->resolveProvider()
#1 /var/www/vhosts/spgcenter.online/httpdocs/vendor/laravel/framework/src/Illuminate/Foundation/ProviderRepository.php(75): Illuminate\\Foundation\\Application->register()
#2 /var/www/vhosts/spgcenter.online/httpdocs/vendor/laravel/framework/src/Illuminate/Foundation/Application.php(794): Illuminate\\Foundation\\ProviderRepository->load()
#3 /var/www/vhosts/spgcenter.online/httpdocs/vendor/laravel/framework/src/Illuminate/Foundation/Bootstrap/RegisterProviders.php(17): Illuminate\\Foundation\\Application->registerConfiguredProviders()
#4 /var/www/vhosts/spgcenter.online/httpdocs/vendor/laravel/framework/src/Illuminate/Foundation/Application.php(286): Illuminate\\Foundation\\Bootstrap\\RegisterProviders->bootstrap()
#5 /var/www/vhosts/spgcenter.online/httpdocs/vendor/laravel/framework/src/Illuminate/Foundation/Http/Kernel.php(186): Illuminate\\Foundation\\Application->bootstrapWith()
#6 /var/www/vhosts/spgcenter.online/httpdocs/vendor/laravel/framework/src/Illuminate/Foundation/Http/Kernel.php(170): Illuminate\\Foundation\\Http\\Kernel->bootstrap()
#7 /var/www/vhosts/spgcenter.online/httpdocs/vendor/laravel/framework/src/Illuminate/Foundation/Http/Kernel.php(144): Illuminate\\Foundation\\Http\\Kernel->sendRequestThroughRouter()
#8 /var/www/vhosts/spgcenter.online/httpdocs/public/index.php(51): Illuminate\\Foundation\\Http\\Kernel->handle()
#9 {main}
"} 
[2025-07-31 00:26:02] local.ERROR: Class "NunoMaduro\Collision\Adapters\Laravel\CollisionServiceProvider" not found {"exception":"[object] (Error(code: 0): Class \"NunoMaduro\\Collision\\Adapters\\Laravel\\CollisionServiceProvider\" not found at /var/www/vhosts/spgcenter.online/httpdocs/vendor/laravel/framework/src/Illuminate/Foundation/Application.php:880)
[stacktrace]
#0 /var/www/vhosts/spgcenter.online/httpdocs/vendor/laravel/framework/src/Illuminate/Foundation/Application.php(814): Illuminate\\Foundation\\Application->resolveProvider()
#1 /var/www/vhosts/spgcenter.online/httpdocs/vendor/laravel/framework/src/Illuminate/Foundation/ProviderRepository.php(75): Illuminate\\Foundation\\Application->register()
#2 /var/www/vhosts/spgcenter.online/httpdocs/vendor/laravel/framework/src/Illuminate/Foundation/Application.php(794): Illuminate\\Foundation\\ProviderRepository->load()
#3 /var/www/vhosts/spgcenter.online/httpdocs/vendor/laravel/framework/src/Illuminate/Foundation/Bootstrap/RegisterProviders.php(17): Illuminate\\Foundation\\Application->registerConfiguredProviders()
#4 /var/www/vhosts/spgcenter.online/httpdocs/vendor/laravel/framework/src/Illuminate/Foundation/Application.php(286): Illuminate\\Foundation\\Bootstrap\\RegisterProviders->bootstrap()
#5 /var/www/vhosts/spgcenter.online/httpdocs/vendor/laravel/framework/src/Illuminate/Foundation/Http/Kernel.php(186): Illuminate\\Foundation\\Application->bootstrapWith()
#6 /var/www/vhosts/spgcenter.online/httpdocs/vendor/laravel/framework/src/Illuminate/Foundation/Http/Kernel.php(170): Illuminate\\Foundation\\Http\\Kernel->bootstrap()
#7 /var/www/vhosts/spgcenter.online/httpdocs/vendor/laravel/framework/src/Illuminate/Foundation/Http/Kernel.php(144): Illuminate\\Foundation\\Http\\Kernel->sendRequestThroughRouter()
#8 /var/www/vhosts/spgcenter.online/httpdocs/public/index.php(51): Illuminate\\Foundation\\Http\\Kernel->handle()
#9 {main}
"} 
[2025-07-31 00:26:03] local.ERROR: Class "NunoMaduro\Collision\Adapters\Laravel\CollisionServiceProvider" not found {"exception":"[object] (Error(code: 0): Class \"NunoMaduro\\Collision\\Adapters\\Laravel\\CollisionServiceProvider\" not found at /var/www/vhosts/spgcenter.online/httpdocs/vendor/laravel/framework/src/Illuminate/Foundation/Application.php:880)
[stacktrace]
#0 /var/www/vhosts/spgcenter.online/httpdocs/vendor/laravel/framework/src/Illuminate/Foundation/Application.php(814): Illuminate\\Foundation\\Application->resolveProvider()
#1 /var/www/vhosts/spgcenter.online/httpdocs/vendor/laravel/framework/src/Illuminate/Foundation/ProviderRepository.php(75): Illuminate\\Foundation\\Application->register()
#2 /var/www/vhosts/spgcenter.online/httpdocs/vendor/laravel/framework/src/Illuminate/Foundation/Application.php(794): Illuminate\\Foundation\\ProviderRepository->load()
#3 /var/www/vhosts/spgcenter.online/httpdocs/vendor/laravel/framework/src/Illuminate/Foundation/Bootstrap/RegisterProviders.php(17): Illuminate\\Foundation\\Application->registerConfiguredProviders()
#4 /var/www/vhosts/spgcenter.online/httpdocs/vendor/laravel/framework/src/Illuminate/Foundation/Application.php(286): Illuminate\\Foundation\\Bootstrap\\RegisterProviders->bootstrap()
#5 /var/www/vhosts/spgcenter.online/httpdocs/vendor/laravel/framework/src/Illuminate/Foundation/Http/Kernel.php(186): Illuminate\\Foundation\\Application->bootstrapWith()
#6 /var/www/vhosts/spgcenter.online/httpdocs/vendor/laravel/framework/src/Illuminate/Foundation/Http/Kernel.php(170): Illuminate\\Foundation\\Http\\Kernel->bootstrap()
#7 /var/www/vhosts/spgcenter.online/httpdocs/vendor/laravel/framework/src/Illuminate/Foundation/Http/Kernel.php(144): Illuminate\\Foundation\\Http\\Kernel->sendRequestThroughRouter()
#8 /var/www/vhosts/spgcenter.online/httpdocs/public/index.php(51): Illuminate\\Foundation\\Http\\Kernel->handle()
#9 {main}
"} 
[2025-07-31 00:27:01] local.ERROR: Class "NunoMaduro\Collision\Adapters\Laravel\CollisionServiceProvider" not found {"exception":"[object] (Error(code: 0): Class \"NunoMaduro\\Collision\\Adapters\\Laravel\\CollisionServiceProvider\" not found at /var/www/vhosts/spgcenter.online/httpdocs/vendor/laravel/framework/src/Illuminate/Foundation/Application.php:880)
[stacktrace]
#0 /var/www/vhosts/spgcenter.online/httpdocs/vendor/laravel/framework/src/Illuminate/Foundation/Application.php(814): Illuminate\\Foundation\\Application->resolveProvider()
#1 /var/www/vhosts/spgcenter.online/httpdocs/vendor/laravel/framework/src/Illuminate/Foundation/ProviderRepository.php(75): Illuminate\\Foundation\\Application->register()
#2 /var/www/vhosts/spgcenter.online/httpdocs/vendor/laravel/framework/src/Illuminate/Foundation/Application.php(794): Illuminate\\Foundation\\ProviderRepository->load()
#3 /var/www/vhosts/spgcenter.online/httpdocs/vendor/laravel/framework/src/Illuminate/Foundation/Bootstrap/RegisterProviders.php(17): Illuminate\\Foundation\\Application->registerConfiguredProviders()
#4 /var/www/vhosts/spgcenter.online/httpdocs/vendor/laravel/framework/src/Illuminate/Foundation/Application.php(286): Illuminate\\Foundation\\Bootstrap\\RegisterProviders->bootstrap()
#5 /var/www/vhosts/spgcenter.online/httpdocs/vendor/laravel/framework/src/Illuminate/Foundation/Http/Kernel.php(186): Illuminate\\Foundation\\Application->bootstrapWith()
#6 /var/www/vhosts/spgcenter.online/httpdocs/vendor/laravel/framework/src/Illuminate/Foundation/Http/Kernel.php(170): Illuminate\\Foundation\\Http\\Kernel->bootstrap()
#7 /var/www/vhosts/spgcenter.online/httpdocs/vendor/laravel/framework/src/Illuminate/Foundation/Http/Kernel.php(144): Illuminate\\Foundation\\Http\\Kernel->sendRequestThroughRouter()
#8 /var/www/vhosts/spgcenter.online/httpdocs/public/index.php(51): Illuminate\\Foundation\\Http\\Kernel->handle()
#9 {main}
"} 
[2025-07-31 00:27:03] local.ERROR: Class "NunoMaduro\Collision\Adapters\Laravel\CollisionServiceProvider" not found {"exception":"[object] (Error(code: 0): Class \"NunoMaduro\\Collision\\Adapters\\Laravel\\CollisionServiceProvider\" not found at /var/www/vhosts/spgcenter.online/httpdocs/vendor/laravel/framework/src/Illuminate/Foundation/Application.php:880)
[stacktrace]
#0 /var/www/vhosts/spgcenter.online/httpdocs/vendor/laravel/framework/src/Illuminate/Foundation/Application.php(814): Illuminate\\Foundation\\Application->resolveProvider()
#1 /var/www/vhosts/spgcenter.online/httpdocs/vendor/laravel/framework/src/Illuminate/Foundation/ProviderRepository.php(75): Illuminate\\Foundation\\Application->register()
#2 /var/www/vhosts/spgcenter.online/httpdocs/vendor/laravel/framework/src/Illuminate/Foundation/Application.php(794): Illuminate\\Foundation\\ProviderRepository->load()
#3 /var/www/vhosts/spgcenter.online/httpdocs/vendor/laravel/framework/src/Illuminate/Foundation/Bootstrap/RegisterProviders.php(17): Illuminate\\Foundation\\Application->registerConfiguredProviders()
#4 /var/www/vhosts/spgcenter.online/httpdocs/vendor/laravel/framework/src/Illuminate/Foundation/Application.php(286): Illuminate\\Foundation\\Bootstrap\\RegisterProviders->bootstrap()
#5 /var/www/vhosts/spgcenter.online/httpdocs/vendor/laravel/framework/src/Illuminate/Foundation/Http/Kernel.php(186): Illuminate\\Foundation\\Application->bootstrapWith()
#6 /var/www/vhosts/spgcenter.online/httpdocs/vendor/laravel/framework/src/Illuminate/Foundation/Http/Kernel.php(170): Illuminate\\Foundation\\Http\\Kernel->bootstrap()
#7 /var/www/vhosts/spgcenter.online/httpdocs/vendor/laravel/framework/src/Illuminate/Foundation/Http/Kernel.php(144): Illuminate\\Foundation\\Http\\Kernel->sendRequestThroughRouter()
#8 /var/www/vhosts/spgcenter.online/httpdocs/public/index.php(51): Illuminate\\Foundation\\Http\\Kernel->handle()
#9 {main}
"} 
[2025-07-31 00:28:01] local.ERROR: Class "NunoMaduro\Collision\Adapters\Laravel\CollisionServiceProvider" not found {"exception":"[object] (Error(code: 0): Class \"NunoMaduro\\Collision\\Adapters\\Laravel\\CollisionServiceProvider\" not found at /var/www/vhosts/spgcenter.online/httpdocs/vendor/laravel/framework/src/Illuminate/Foundation/Application.php:880)
[stacktrace]
#0 /var/www/vhosts/spgcenter.online/httpdocs/vendor/laravel/framework/src/Illuminate/Foundation/Application.php(814): Illuminate\\Foundation\\Application->resolveProvider()
#1 /var/www/vhosts/spgcenter.online/httpdocs/vendor/laravel/framework/src/Illuminate/Foundation/ProviderRepository.php(75): Illuminate\\Foundation\\Application->register()
#2 /var/www/vhosts/spgcenter.online/httpdocs/vendor/laravel/framework/src/Illuminate/Foundation/Application.php(794): Illuminate\\Foundation\\ProviderRepository->load()
#3 /var/www/vhosts/spgcenter.online/httpdocs/vendor/laravel/framework/src/Illuminate/Foundation/Bootstrap/RegisterProviders.php(17): Illuminate\\Foundation\\Application->registerConfiguredProviders()
#4 /var/www/vhosts/spgcenter.online/httpdocs/vendor/laravel/framework/src/Illuminate/Foundation/Application.php(286): Illuminate\\Foundation\\Bootstrap\\RegisterProviders->bootstrap()
#5 /var/www/vhosts/spgcenter.online/httpdocs/vendor/laravel/framework/src/Illuminate/Foundation/Http/Kernel.php(186): Illuminate\\Foundation\\Application->bootstrapWith()
#6 /var/www/vhosts/spgcenter.online/httpdocs/vendor/laravel/framework/src/Illuminate/Foundation/Http/Kernel.php(170): Illuminate\\Foundation\\Http\\Kernel->bootstrap()
#7 /var/www/vhosts/spgcenter.online/httpdocs/vendor/laravel/framework/src/Illuminate/Foundation/Http/Kernel.php(144): Illuminate\\Foundation\\Http\\Kernel->sendRequestThroughRouter()
#8 /var/www/vhosts/spgcenter.online/httpdocs/public/index.php(51): Illuminate\\Foundation\\Http\\Kernel->handle()
#9 {main}
"} 
[2025-07-31 00:28:47] local.ERROR: Class "NunoMaduro\Collision\Adapters\Laravel\CollisionServiceProvider" not found {"exception":"[object] (Error(code: 0): Class \"NunoMaduro\\Collision\\Adapters\\Laravel\\CollisionServiceProvider\" not found at /var/www/vhosts/spgcenter.online/httpdocs/vendor/laravel/framework/src/Illuminate/Foundation/Application.php:880)
[stacktrace]
#0 /var/www/vhosts/spgcenter.online/httpdocs/vendor/laravel/framework/src/Illuminate/Foundation/Application.php(814): Illuminate\\Foundation\\Application->resolveProvider()
#1 /var/www/vhosts/spgcenter.online/httpdocs/vendor/laravel/framework/src/Illuminate/Foundation/ProviderRepository.php(75): Illuminate\\Foundation\\Application->register()
#2 /var/www/vhosts/spgcenter.online/httpdocs/vendor/laravel/framework/src/Illuminate/Foundation/Application.php(794): Illuminate\\Foundation\\ProviderRepository->load()
#3 /var/www/vhosts/spgcenter.online/httpdocs/vendor/laravel/framework/src/Illuminate/Foundation/Bootstrap/RegisterProviders.php(17): Illuminate\\Foundation\\Application->registerConfiguredProviders()
#4 /var/www/vhosts/spgcenter.online/httpdocs/vendor/laravel/framework/src/Illuminate/Foundation/Application.php(286): Illuminate\\Foundation\\Bootstrap\\RegisterProviders->bootstrap()
#5 /var/www/vhosts/spgcenter.online/httpdocs/vendor/laravel/framework/src/Illuminate/Foundation/Http/Kernel.php(186): Illuminate\\Foundation\\Application->bootstrapWith()
#6 /var/www/vhosts/spgcenter.online/httpdocs/vendor/laravel/framework/src/Illuminate/Foundation/Http/Kernel.php(170): Illuminate\\Foundation\\Http\\Kernel->bootstrap()
#7 /var/www/vhosts/spgcenter.online/httpdocs/vendor/laravel/framework/src/Illuminate/Foundation/Http/Kernel.php(144): Illuminate\\Foundation\\Http\\Kernel->sendRequestThroughRouter()
#8 /var/www/vhosts/spgcenter.online/httpdocs/public/index.php(51): Illuminate\\Foundation\\Http\\Kernel->handle()
#9 {main}
"} 
[2025-07-31 00:29:02] local.ERROR: Class "NunoMaduro\Collision\Adapters\Laravel\CollisionServiceProvider" not found {"exception":"[object] (Error(code: 0): Class \"NunoMaduro\\Collision\\Adapters\\Laravel\\CollisionServiceProvider\" not found at /var/www/vhosts/spgcenter.online/httpdocs/vendor/laravel/framework/src/Illuminate/Foundation/Application.php:880)
[stacktrace]
#0 /var/www/vhosts/spgcenter.online/httpdocs/vendor/laravel/framework/src/Illuminate/Foundation/Application.php(814): Illuminate\\Foundation\\Application->resolveProvider()
#1 /var/www/vhosts/spgcenter.online/httpdocs/vendor/laravel/framework/src/Illuminate/Foundation/ProviderRepository.php(75): Illuminate\\Foundation\\Application->register()
#2 /var/www/vhosts/spgcenter.online/httpdocs/vendor/laravel/framework/src/Illuminate/Foundation/Application.php(794): Illuminate\\Foundation\\ProviderRepository->load()
#3 /var/www/vhosts/spgcenter.online/httpdocs/vendor/laravel/framework/src/Illuminate/Foundation/Bootstrap/RegisterProviders.php(17): Illuminate\\Foundation\\Application->registerConfiguredProviders()
#4 /var/www/vhosts/spgcenter.online/httpdocs/vendor/laravel/framework/src/Illuminate/Foundation/Application.php(286): Illuminate\\Foundation\\Bootstrap\\RegisterProviders->bootstrap()
#5 /var/www/vhosts/spgcenter.online/httpdocs/vendor/laravel/framework/src/Illuminate/Foundation/Http/Kernel.php(186): Illuminate\\Foundation\\Application->bootstrapWith()
#6 /var/www/vhosts/spgcenter.online/httpdocs/vendor/laravel/framework/src/Illuminate/Foundation/Http/Kernel.php(170): Illuminate\\Foundation\\Http\\Kernel->bootstrap()
#7 /var/www/vhosts/spgcenter.online/httpdocs/vendor/laravel/framework/src/Illuminate/Foundation/Http/Kernel.php(144): Illuminate\\Foundation\\Http\\Kernel->sendRequestThroughRouter()
#8 /var/www/vhosts/spgcenter.online/httpdocs/public/index.php(51): Illuminate\\Foundation\\Http\\Kernel->handle()
#9 {main}
"} 
[2025-07-31 00:29:06] local.ERROR: Class "NunoMaduro\Collision\Adapters\Laravel\CollisionServiceProvider" not found {"exception":"[object] (Error(code: 0): Class \"NunoMaduro\\Collision\\Adapters\\Laravel\\CollisionServiceProvider\" not found at /var/www/vhosts/spgcenter.online/httpdocs/vendor/laravel/framework/src/Illuminate/Foundation/Application.php:880)
[stacktrace]
#0 /var/www/vhosts/spgcenter.online/httpdocs/vendor/laravel/framework/src/Illuminate/Foundation/Application.php(814): Illuminate\\Foundation\\Application->resolveProvider()
#1 /var/www/vhosts/spgcenter.online/httpdocs/vendor/laravel/framework/src/Illuminate/Foundation/ProviderRepository.php(75): Illuminate\\Foundation\\Application->register()
#2 /var/www/vhosts/spgcenter.online/httpdocs/vendor/laravel/framework/src/Illuminate/Foundation/Application.php(794): Illuminate\\Foundation\\ProviderRepository->load()
#3 /var/www/vhosts/spgcenter.online/httpdocs/vendor/laravel/framework/src/Illuminate/Foundation/Bootstrap/RegisterProviders.php(17): Illuminate\\Foundation\\Application->registerConfiguredProviders()
#4 /var/www/vhosts/spgcenter.online/httpdocs/vendor/laravel/framework/src/Illuminate/Foundation/Application.php(286): Illuminate\\Foundation\\Bootstrap\\RegisterProviders->bootstrap()
#5 /var/www/vhosts/spgcenter.online/httpdocs/vendor/laravel/framework/src/Illuminate/Foundation/Http/Kernel.php(186): Illuminate\\Foundation\\Application->bootstrapWith()
#6 /var/www/vhosts/spgcenter.online/httpdocs/vendor/laravel/framework/src/Illuminate/Foundation/Http/Kernel.php(170): Illuminate\\Foundation\\Http\\Kernel->bootstrap()
#7 /var/www/vhosts/spgcenter.online/httpdocs/vendor/laravel/framework/src/Illuminate/Foundation/Http/Kernel.php(144): Illuminate\\Foundation\\Http\\Kernel->sendRequestThroughRouter()
#8 /var/www/vhosts/spgcenter.online/httpdocs/public/index.php(51): Illuminate\\Foundation\\Http\\Kernel->handle()
#9 {main}
"} 
[2025-07-31 00:30:02] local.ERROR: Class "NunoMaduro\Collision\Adapters\Laravel\CollisionServiceProvider" not found {"exception":"[object] (Error(code: 0): Class \"NunoMaduro\\Collision\\Adapters\\Laravel\\CollisionServiceProvider\" not found at /var/www/vhosts/spgcenter.online/httpdocs/vendor/laravel/framework/src/Illuminate/Foundation/Application.php:880)
[stacktrace]
#0 /var/www/vhosts/spgcenter.online/httpdocs/vendor/laravel/framework/src/Illuminate/Foundation/Application.php(814): Illuminate\\Foundation\\Application->resolveProvider()
#1 /var/www/vhosts/spgcenter.online/httpdocs/vendor/laravel/framework/src/Illuminate/Foundation/ProviderRepository.php(75): Illuminate\\Foundation\\Application->register()
#2 /var/www/vhosts/spgcenter.online/httpdocs/vendor/laravel/framework/src/Illuminate/Foundation/Application.php(794): Illuminate\\Foundation\\ProviderRepository->load()
#3 /var/www/vhosts/spgcenter.online/httpdocs/vendor/laravel/framework/src/Illuminate/Foundation/Bootstrap/RegisterProviders.php(17): Illuminate\\Foundation\\Application->registerConfiguredProviders()
#4 /var/www/vhosts/spgcenter.online/httpdocs/vendor/laravel/framework/src/Illuminate/Foundation/Application.php(286): Illuminate\\Foundation\\Bootstrap\\RegisterProviders->bootstrap()
#5 /var/www/vhosts/spgcenter.online/httpdocs/vendor/laravel/framework/src/Illuminate/Foundation/Http/Kernel.php(186): Illuminate\\Foundation\\Application->bootstrapWith()
#6 /var/www/vhosts/spgcenter.online/httpdocs/vendor/laravel/framework/src/Illuminate/Foundation/Http/Kernel.php(170): Illuminate\\Foundation\\Http\\Kernel->bootstrap()
#7 /var/www/vhosts/spgcenter.online/httpdocs/vendor/laravel/framework/src/Illuminate/Foundation/Http/Kernel.php(144): Illuminate\\Foundation\\Http\\Kernel->sendRequestThroughRouter()
#8 /var/www/vhosts/spgcenter.online/httpdocs/public/index.php(51): Illuminate\\Foundation\\Http\\Kernel->handle()
#9 {main}
"} 
[2025-07-31 00:30:08] local.ERROR: Class "NunoMaduro\Collision\Adapters\Laravel\CollisionServiceProvider" not found {"exception":"[object] (Error(code: 0): Class \"NunoMaduro\\Collision\\Adapters\\Laravel\\CollisionServiceProvider\" not found at /var/www/vhosts/spgcenter.online/httpdocs/vendor/laravel/framework/src/Illuminate/Foundation/Application.php:880)
[stacktrace]
#0 /var/www/vhosts/spgcenter.online/httpdocs/vendor/laravel/framework/src/Illuminate/Foundation/Application.php(814): Illuminate\\Foundation\\Application->resolveProvider()
#1 /var/www/vhosts/spgcenter.online/httpdocs/vendor/laravel/framework/src/Illuminate/Foundation/ProviderRepository.php(75): Illuminate\\Foundation\\Application->register()
#2 /var/www/vhosts/spgcenter.online/httpdocs/vendor/laravel/framework/src/Illuminate/Foundation/Application.php(794): Illuminate\\Foundation\\ProviderRepository->load()
#3 /var/www/vhosts/spgcenter.online/httpdocs/vendor/laravel/framework/src/Illuminate/Foundation/Bootstrap/RegisterProviders.php(17): Illuminate\\Foundation\\Application->registerConfiguredProviders()
#4 /var/www/vhosts/spgcenter.online/httpdocs/vendor/laravel/framework/src/Illuminate/Foundation/Application.php(286): Illuminate\\Foundation\\Bootstrap\\RegisterProviders->bootstrap()
#5 /var/www/vhosts/spgcenter.online/httpdocs/vendor/laravel/framework/src/Illuminate/Foundation/Http/Kernel.php(186): Illuminate\\Foundation\\Application->bootstrapWith()
#6 /var/www/vhosts/spgcenter.online/httpdocs/vendor/laravel/framework/src/Illuminate/Foundation/Http/Kernel.php(170): Illuminate\\Foundation\\Http\\Kernel->bootstrap()
#7 /var/www/vhosts/spgcenter.online/httpdocs/vendor/laravel/framework/src/Illuminate/Foundation/Http/Kernel.php(144): Illuminate\\Foundation\\Http\\Kernel->sendRequestThroughRouter()
#8 /var/www/vhosts/spgcenter.online/httpdocs/public/index.php(51): Illuminate\\Foundation\\Http\\Kernel->handle()
#9 {main}
"} 
[2025-07-31 10:48:56] local.ERROR: Class "NunoMaduro\Collision\Adapters\Laravel\CollisionServiceProvider" not found {"exception":"[object] (Error(code: 0): Class \"NunoMaduro\\Collision\\Adapters\\Laravel\\CollisionServiceProvider\" not found at /var/www/vhosts/spgcenter.online/httpdocs/vendor/laravel/framework/src/Illuminate/Foundation/Application.php:880)
[stacktrace]
#0 /var/www/vhosts/spgcenter.online/httpdocs/vendor/laravel/framework/src/Illuminate/Foundation/Application.php(814): Illuminate\\Foundation\\Application->resolveProvider()
#1 /var/www/vhosts/spgcenter.online/httpdocs/vendor/laravel/framework/src/Illuminate/Foundation/ProviderRepository.php(75): Illuminate\\Foundation\\Application->register()
#2 /var/www/vhosts/spgcenter.online/httpdocs/vendor/laravel/framework/src/Illuminate/Foundation/Application.php(794): Illuminate\\Foundation\\ProviderRepository->load()
#3 /var/www/vhosts/spgcenter.online/httpdocs/vendor/laravel/framework/src/Illuminate/Foundation/Bootstrap/RegisterProviders.php(17): Illuminate\\Foundation\\Application->registerConfiguredProviders()
#4 /var/www/vhosts/spgcenter.online/httpdocs/vendor/laravel/framework/src/Illuminate/Foundation/Application.php(286): Illuminate\\Foundation\\Bootstrap\\RegisterProviders->bootstrap()
#5 /var/www/vhosts/spgcenter.online/httpdocs/vendor/laravel/framework/src/Illuminate/Foundation/Http/Kernel.php(186): Illuminate\\Foundation\\Application->bootstrapWith()
#6 /var/www/vhosts/spgcenter.online/httpdocs/vendor/laravel/framework/src/Illuminate/Foundation/Http/Kernel.php(170): Illuminate\\Foundation\\Http\\Kernel->bootstrap()
#7 /var/www/vhosts/spgcenter.online/httpdocs/vendor/laravel/framework/src/Illuminate/Foundation/Http/Kernel.php(144): Illuminate\\Foundation\\Http\\Kernel->sendRequestThroughRouter()
#8 /var/www/vhosts/spgcenter.online/httpdocs/public/index.php(51): Illuminate\\Foundation\\Http\\Kernel->handle()
#9 {main}
"} 
[2025-07-31 10:49:02] local.ERROR: Class "NunoMaduro\Collision\Adapters\Laravel\CollisionServiceProvider" not found {"exception":"[object] (Error(code: 0): Class \"NunoMaduro\\Collision\\Adapters\\Laravel\\CollisionServiceProvider\" not found at /var/www/vhosts/spgcenter.online/httpdocs/vendor/laravel/framework/src/Illuminate/Foundation/Application.php:880)
[stacktrace]
#0 /var/www/vhosts/spgcenter.online/httpdocs/vendor/laravel/framework/src/Illuminate/Foundation/Application.php(814): Illuminate\\Foundation\\Application->resolveProvider()
#1 /var/www/vhosts/spgcenter.online/httpdocs/vendor/laravel/framework/src/Illuminate/Foundation/ProviderRepository.php(75): Illuminate\\Foundation\\Application->register()
#2 /var/www/vhosts/spgcenter.online/httpdocs/vendor/laravel/framework/src/Illuminate/Foundation/Application.php(794): Illuminate\\Foundation\\ProviderRepository->load()
#3 /var/www/vhosts/spgcenter.online/httpdocs/vendor/laravel/framework/src/Illuminate/Foundation/Bootstrap/RegisterProviders.php(17): Illuminate\\Foundation\\Application->registerConfiguredProviders()
#4 /var/www/vhosts/spgcenter.online/httpdocs/vendor/laravel/framework/src/Illuminate/Foundation/Application.php(286): Illuminate\\Foundation\\Bootstrap\\RegisterProviders->bootstrap()
#5 /var/www/vhosts/spgcenter.online/httpdocs/vendor/laravel/framework/src/Illuminate/Foundation/Http/Kernel.php(186): Illuminate\\Foundation\\Application->bootstrapWith()
#6 /var/www/vhosts/spgcenter.online/httpdocs/vendor/laravel/framework/src/Illuminate/Foundation/Http/Kernel.php(170): Illuminate\\Foundation\\Http\\Kernel->bootstrap()
#7 /var/www/vhosts/spgcenter.online/httpdocs/vendor/laravel/framework/src/Illuminate/Foundation/Http/Kernel.php(144): Illuminate\\Foundation\\Http\\Kernel->sendRequestThroughRouter()
#8 /var/www/vhosts/spgcenter.online/httpdocs/public/index.php(51): Illuminate\\Foundation\\Http\\Kernel->handle()
#9 {main}
"} 
[2025-07-31 10:49:04] local.ERROR: Class "NunoMaduro\Collision\Adapters\Laravel\CollisionServiceProvider" not found {"exception":"[object] (Error(code: 0): Class \"NunoMaduro\\Collision\\Adapters\\Laravel\\CollisionServiceProvider\" not found at /var/www/vhosts/spgcenter.online/httpdocs/vendor/laravel/framework/src/Illuminate/Foundation/Application.php:880)
[stacktrace]
#0 /var/www/vhosts/spgcenter.online/httpdocs/vendor/laravel/framework/src/Illuminate/Foundation/Application.php(814): Illuminate\\Foundation\\Application->resolveProvider()
#1 /var/www/vhosts/spgcenter.online/httpdocs/vendor/laravel/framework/src/Illuminate/Foundation/ProviderRepository.php(75): Illuminate\\Foundation\\Application->register()
#2 /var/www/vhosts/spgcenter.online/httpdocs/vendor/laravel/framework/src/Illuminate/Foundation/Application.php(794): Illuminate\\Foundation\\ProviderRepository->load()
#3 /var/www/vhosts/spgcenter.online/httpdocs/vendor/laravel/framework/src/Illuminate/Foundation/Bootstrap/RegisterProviders.php(17): Illuminate\\Foundation\\Application->registerConfiguredProviders()
#4 /var/www/vhosts/spgcenter.online/httpdocs/vendor/laravel/framework/src/Illuminate/Foundation/Application.php(286): Illuminate\\Foundation\\Bootstrap\\RegisterProviders->bootstrap()
#5 /var/www/vhosts/spgcenter.online/httpdocs/vendor/laravel/framework/src/Illuminate/Foundation/Http/Kernel.php(186): Illuminate\\Foundation\\Application->bootstrapWith()
#6 /var/www/vhosts/spgcenter.online/httpdocs/vendor/laravel/framework/src/Illuminate/Foundation/Http/Kernel.php(170): Illuminate\\Foundation\\Http\\Kernel->bootstrap()
#7 /var/www/vhosts/spgcenter.online/httpdocs/vendor/laravel/framework/src/Illuminate/Foundation/Http/Kernel.php(144): Illuminate\\Foundation\\Http\\Kernel->sendRequestThroughRouter()
#8 /var/www/vhosts/spgcenter.online/httpdocs/public/index.php(51): Illuminate\\Foundation\\Http\\Kernel->handle()
#9 {main}
"} 
[2025-07-31 10:50:17] local.ERROR: Class "NunoMaduro\Collision\Adapters\Laravel\CollisionServiceProvider" not found {"exception":"[object] (Error(code: 0): Class \"NunoMaduro\\Collision\\Adapters\\Laravel\\CollisionServiceProvider\" not found at /var/www/vhosts/spgcenter.online/httpdocs/vendor/laravel/framework/src/Illuminate/Foundation/Application.php:880)
[stacktrace]
#0 /var/www/vhosts/spgcenter.online/httpdocs/vendor/laravel/framework/src/Illuminate/Foundation/Application.php(814): Illuminate\\Foundation\\Application->resolveProvider()
#1 /var/www/vhosts/spgcenter.online/httpdocs/vendor/laravel/framework/src/Illuminate/Foundation/ProviderRepository.php(75): Illuminate\\Foundation\\Application->register()
#2 /var/www/vhosts/spgcenter.online/httpdocs/vendor/laravel/framework/src/Illuminate/Foundation/Application.php(794): Illuminate\\Foundation\\ProviderRepository->load()
#3 /var/www/vhosts/spgcenter.online/httpdocs/vendor/laravel/framework/src/Illuminate/Foundation/Bootstrap/RegisterProviders.php(17): Illuminate\\Foundation\\Application->registerConfiguredProviders()
#4 /var/www/vhosts/spgcenter.online/httpdocs/vendor/laravel/framework/src/Illuminate/Foundation/Application.php(286): Illuminate\\Foundation\\Bootstrap\\RegisterProviders->bootstrap()
#5 /var/www/vhosts/spgcenter.online/httpdocs/vendor/laravel/framework/src/Illuminate/Foundation/Http/Kernel.php(186): Illuminate\\Foundation\\Application->bootstrapWith()
#6 /var/www/vhosts/spgcenter.online/httpdocs/vendor/laravel/framework/src/Illuminate/Foundation/Http/Kernel.php(170): Illuminate\\Foundation\\Http\\Kernel->bootstrap()
#7 /var/www/vhosts/spgcenter.online/httpdocs/vendor/laravel/framework/src/Illuminate/Foundation/Http/Kernel.php(144): Illuminate\\Foundation\\Http\\Kernel->sendRequestThroughRouter()
#8 /var/www/vhosts/spgcenter.online/httpdocs/public/index.php(51): Illuminate\\Foundation\\Http\\Kernel->handle()
#9 {main}
"} 
[2025-07-31 10:50:28] local.ERROR: Class "NunoMaduro\Collision\Adapters\Laravel\CollisionServiceProvider" not found {"exception":"[object] (Error(code: 0): Class \"NunoMaduro\\Collision\\Adapters\\Laravel\\CollisionServiceProvider\" not found at /var/www/vhosts/spgcenter.online/httpdocs/vendor/laravel/framework/src/Illuminate/Foundation/Application.php:880)
[stacktrace]
#0 /var/www/vhosts/spgcenter.online/httpdocs/vendor/laravel/framework/src/Illuminate/Foundation/Application.php(814): Illuminate\\Foundation\\Application->resolveProvider()
#1 /var/www/vhosts/spgcenter.online/httpdocs/vendor/laravel/framework/src/Illuminate/Foundation/ProviderRepository.php(75): Illuminate\\Foundation\\Application->register()
#2 /var/www/vhosts/spgcenter.online/httpdocs/vendor/laravel/framework/src/Illuminate/Foundation/Application.php(794): Illuminate\\Foundation\\ProviderRepository->load()
#3 /var/www/vhosts/spgcenter.online/httpdocs/vendor/laravel/framework/src/Illuminate/Foundation/Bootstrap/RegisterProviders.php(17): Illuminate\\Foundation\\Application->registerConfiguredProviders()
#4 /var/www/vhosts/spgcenter.online/httpdocs/vendor/laravel/framework/src/Illuminate/Foundation/Application.php(286): Illuminate\\Foundation\\Bootstrap\\RegisterProviders->bootstrap()
#5 /var/www/vhosts/spgcenter.online/httpdocs/vendor/laravel/framework/src/Illuminate/Foundation/Http/Kernel.php(186): Illuminate\\Foundation\\Application->bootstrapWith()
#6 /var/www/vhosts/spgcenter.online/httpdocs/vendor/laravel/framework/src/Illuminate/Foundation/Http/Kernel.php(170): Illuminate\\Foundation\\Http\\Kernel->bootstrap()
#7 /var/www/vhosts/spgcenter.online/httpdocs/vendor/laravel/framework/src/Illuminate/Foundation/Http/Kernel.php(144): Illuminate\\Foundation\\Http\\Kernel->sendRequestThroughRouter()
#8 /var/www/vhosts/spgcenter.online/httpdocs/public/index.php(51): Illuminate\\Foundation\\Http\\Kernel->handle()
#9 {main}
"} 
[2025-07-31 10:50:54] local.ERROR: Class "NunoMaduro\Collision\Adapters\Laravel\CollisionServiceProvider" not found {"exception":"[object] (Error(code: 0): Class \"NunoMaduro\\Collision\\Adapters\\Laravel\\CollisionServiceProvider\" not found at /var/www/vhosts/spgcenter.online/httpdocs/vendor/laravel/framework/src/Illuminate/Foundation/Application.php:880)
[stacktrace]
#0 /var/www/vhosts/spgcenter.online/httpdocs/vendor/laravel/framework/src/Illuminate/Foundation/Application.php(814): Illuminate\\Foundation\\Application->resolveProvider()
#1 /var/www/vhosts/spgcenter.online/httpdocs/vendor/laravel/framework/src/Illuminate/Foundation/ProviderRepository.php(75): Illuminate\\Foundation\\Application->register()
#2 /var/www/vhosts/spgcenter.online/httpdocs/vendor/laravel/framework/src/Illuminate/Foundation/Application.php(794): Illuminate\\Foundation\\ProviderRepository->load()
#3 /var/www/vhosts/spgcenter.online/httpdocs/vendor/laravel/framework/src/Illuminate/Foundation/Bootstrap/RegisterProviders.php(17): Illuminate\\Foundation\\Application->registerConfiguredProviders()
#4 /var/www/vhosts/spgcenter.online/httpdocs/vendor/laravel/framework/src/Illuminate/Foundation/Application.php(286): Illuminate\\Foundation\\Bootstrap\\RegisterProviders->bootstrap()
#5 /var/www/vhosts/spgcenter.online/httpdocs/vendor/laravel/framework/src/Illuminate/Foundation/Http/Kernel.php(186): Illuminate\\Foundation\\Application->bootstrapWith()
#6 /var/www/vhosts/spgcenter.online/httpdocs/vendor/laravel/framework/src/Illuminate/Foundation/Http/Kernel.php(170): Illuminate\\Foundation\\Http\\Kernel->bootstrap()
#7 /var/www/vhosts/spgcenter.online/httpdocs/vendor/laravel/framework/src/Illuminate/Foundation/Http/Kernel.php(144): Illuminate\\Foundation\\Http\\Kernel->sendRequestThroughRouter()
#8 /var/www/vhosts/spgcenter.online/httpdocs/public/index.php(51): Illuminate\\Foundation\\Http\\Kernel->handle()
#9 {main}
"} 
[2025-07-31 10:50:56] local.ERROR: Class "NunoMaduro\Collision\Adapters\Laravel\CollisionServiceProvider" not found {"exception":"[object] (Error(code: 0): Class \"NunoMaduro\\Collision\\Adapters\\Laravel\\CollisionServiceProvider\" not found at /var/www/vhosts/spgcenter.online/httpdocs/vendor/laravel/framework/src/Illuminate/Foundation/Application.php:880)
[stacktrace]
#0 /var/www/vhosts/spgcenter.online/httpdocs/vendor/laravel/framework/src/Illuminate/Foundation/Application.php(814): Illuminate\\Foundation\\Application->resolveProvider()
#1 /var/www/vhosts/spgcenter.online/httpdocs/vendor/laravel/framework/src/Illuminate/Foundation/ProviderRepository.php(75): Illuminate\\Foundation\\Application->register()
#2 /var/www/vhosts/spgcenter.online/httpdocs/vendor/laravel/framework/src/Illuminate/Foundation/Application.php(794): Illuminate\\Foundation\\ProviderRepository->load()
#3 /var/www/vhosts/spgcenter.online/httpdocs/vendor/laravel/framework/src/Illuminate/Foundation/Bootstrap/RegisterProviders.php(17): Illuminate\\Foundation\\Application->registerConfiguredProviders()
#4 /var/www/vhosts/spgcenter.online/httpdocs/vendor/laravel/framework/src/Illuminate/Foundation/Application.php(286): Illuminate\\Foundation\\Bootstrap\\RegisterProviders->bootstrap()
#5 /var/www/vhosts/spgcenter.online/httpdocs/vendor/laravel/framework/src/Illuminate/Foundation/Http/Kernel.php(186): Illuminate\\Foundation\\Application->bootstrapWith()
#6 /var/www/vhosts/spgcenter.online/httpdocs/vendor/laravel/framework/src/Illuminate/Foundation/Http/Kernel.php(170): Illuminate\\Foundation\\Http\\Kernel->bootstrap()
#7 /var/www/vhosts/spgcenter.online/httpdocs/vendor/laravel/framework/src/Illuminate/Foundation/Http/Kernel.php(144): Illuminate\\Foundation\\Http\\Kernel->sendRequestThroughRouter()
#8 /var/www/vhosts/spgcenter.online/httpdocs/public/index.php(51): Illuminate\\Foundation\\Http\\Kernel->handle()
#9 {main}
"} 
[2025-07-31 10:51:02] local.ERROR: Class "NunoMaduro\Collision\Adapters\Laravel\CollisionServiceProvider" not found {"exception":"[object] (Error(code: 0): Class \"NunoMaduro\\Collision\\Adapters\\Laravel\\CollisionServiceProvider\" not found at /var/www/vhosts/spgcenter.online/httpdocs/vendor/laravel/framework/src/Illuminate/Foundation/Application.php:880)
[stacktrace]
#0 /var/www/vhosts/spgcenter.online/httpdocs/vendor/laravel/framework/src/Illuminate/Foundation/Application.php(814): Illuminate\\Foundation\\Application->resolveProvider()
#1 /var/www/vhosts/spgcenter.online/httpdocs/vendor/laravel/framework/src/Illuminate/Foundation/ProviderRepository.php(75): Illuminate\\Foundation\\Application->register()
#2 /var/www/vhosts/spgcenter.online/httpdocs/vendor/laravel/framework/src/Illuminate/Foundation/Application.php(794): Illuminate\\Foundation\\ProviderRepository->load()
#3 /var/www/vhosts/spgcenter.online/httpdocs/vendor/laravel/framework/src/Illuminate/Foundation/Bootstrap/RegisterProviders.php(17): Illuminate\\Foundation\\Application->registerConfiguredProviders()
#4 /var/www/vhosts/spgcenter.online/httpdocs/vendor/laravel/framework/src/Illuminate/Foundation/Application.php(286): Illuminate\\Foundation\\Bootstrap\\RegisterProviders->bootstrap()
#5 /var/www/vhosts/spgcenter.online/httpdocs/vendor/laravel/framework/src/Illuminate/Foundation/Http/Kernel.php(186): Illuminate\\Foundation\\Application->bootstrapWith()
#6 /var/www/vhosts/spgcenter.online/httpdocs/vendor/laravel/framework/src/Illuminate/Foundation/Http/Kernel.php(170): Illuminate\\Foundation\\Http\\Kernel->bootstrap()
#7 /var/www/vhosts/spgcenter.online/httpdocs/vendor/laravel/framework/src/Illuminate/Foundation/Http/Kernel.php(144): Illuminate\\Foundation\\Http\\Kernel->sendRequestThroughRouter()
#8 /var/www/vhosts/spgcenter.online/httpdocs/public/index.php(51): Illuminate\\Foundation\\Http\\Kernel->handle()
#9 {main}
"} 
[2025-07-31 10:51:20] local.ERROR: Class "NunoMaduro\Collision\Adapters\Laravel\CollisionServiceProvider" not found {"exception":"[object] (Error(code: 0): Class \"NunoMaduro\\Collision\\Adapters\\Laravel\\CollisionServiceProvider\" not found at /var/www/vhosts/spgcenter.online/httpdocs/vendor/laravel/framework/src/Illuminate/Foundation/Application.php:880)
[stacktrace]
#0 /var/www/vhosts/spgcenter.online/httpdocs/vendor/laravel/framework/src/Illuminate/Foundation/Application.php(814): Illuminate\\Foundation\\Application->resolveProvider()
#1 /var/www/vhosts/spgcenter.online/httpdocs/vendor/laravel/framework/src/Illuminate/Foundation/ProviderRepository.php(75): Illuminate\\Foundation\\Application->register()
#2 /var/www/vhosts/spgcenter.online/httpdocs/vendor/laravel/framework/src/Illuminate/Foundation/Application.php(794): Illuminate\\Foundation\\ProviderRepository->load()
#3 /var/www/vhosts/spgcenter.online/httpdocs/vendor/laravel/framework/src/Illuminate/Foundation/Bootstrap/RegisterProviders.php(17): Illuminate\\Foundation\\Application->registerConfiguredProviders()
#4 /var/www/vhosts/spgcenter.online/httpdocs/vendor/laravel/framework/src/Illuminate/Foundation/Application.php(286): Illuminate\\Foundation\\Bootstrap\\RegisterProviders->bootstrap()
#5 /var/www/vhosts/spgcenter.online/httpdocs/vendor/laravel/framework/src/Illuminate/Foundation/Http/Kernel.php(186): Illuminate\\Foundation\\Application->bootstrapWith()
#6 /var/www/vhosts/spgcenter.online/httpdocs/vendor/laravel/framework/src/Illuminate/Foundation/Http/Kernel.php(170): Illuminate\\Foundation\\Http\\Kernel->bootstrap()
#7 /var/www/vhosts/spgcenter.online/httpdocs/vendor/laravel/framework/src/Illuminate/Foundation/Http/Kernel.php(144): Illuminate\\Foundation\\Http\\Kernel->sendRequestThroughRouter()
#8 /var/www/vhosts/spgcenter.online/httpdocs/public/index.php(51): Illuminate\\Foundation\\Http\\Kernel->handle()
#9 {main}
"} 
[2025-07-31 10:51:34] local.ERROR: Class "NunoMaduro\Collision\Adapters\Laravel\CollisionServiceProvider" not found {"exception":"[object] (Error(code: 0): Class \"NunoMaduro\\Collision\\Adapters\\Laravel\\CollisionServiceProvider\" not found at /var/www/vhosts/spgcenter.online/httpdocs/vendor/laravel/framework/src/Illuminate/Foundation/Application.php:880)
[stacktrace]
#0 /var/www/vhosts/spgcenter.online/httpdocs/vendor/laravel/framework/src/Illuminate/Foundation/Application.php(814): Illuminate\\Foundation\\Application->resolveProvider()
#1 /var/www/vhosts/spgcenter.online/httpdocs/vendor/laravel/framework/src/Illuminate/Foundation/ProviderRepository.php(75): Illuminate\\Foundation\\Application->register()
#2 /var/www/vhosts/spgcenter.online/httpdocs/vendor/laravel/framework/src/Illuminate/Foundation/Application.php(794): Illuminate\\Foundation\\ProviderRepository->load()
#3 /var/www/vhosts/spgcenter.online/httpdocs/vendor/laravel/framework/src/Illuminate/Foundation/Bootstrap/RegisterProviders.php(17): Illuminate\\Foundation\\Application->registerConfiguredProviders()
#4 /var/www/vhosts/spgcenter.online/httpdocs/vendor/laravel/framework/src/Illuminate/Foundation/Application.php(286): Illuminate\\Foundation\\Bootstrap\\RegisterProviders->bootstrap()
#5 /var/www/vhosts/spgcenter.online/httpdocs/vendor/laravel/framework/src/Illuminate/Foundation/Http/Kernel.php(186): Illuminate\\Foundation\\Application->bootstrapWith()
#6 /var/www/vhosts/spgcenter.online/httpdocs/vendor/laravel/framework/src/Illuminate/Foundation/Http/Kernel.php(170): Illuminate\\Foundation\\Http\\Kernel->bootstrap()
#7 /var/www/vhosts/spgcenter.online/httpdocs/vendor/laravel/framework/src/Illuminate/Foundation/Http/Kernel.php(144): Illuminate\\Foundation\\Http\\Kernel->sendRequestThroughRouter()
#8 /var/www/vhosts/spgcenter.online/httpdocs/public/index.php(51): Illuminate\\Foundation\\Http\\Kernel->handle()
#9 {main}
"} 
[2025-07-31 10:51:42] local.ERROR: Class "NunoMaduro\Collision\Adapters\Laravel\CollisionServiceProvider" not found {"exception":"[object] (Error(code: 0): Class \"NunoMaduro\\Collision\\Adapters\\Laravel\\CollisionServiceProvider\" not found at /var/www/vhosts/spgcenter.online/httpdocs/vendor/laravel/framework/src/Illuminate/Foundation/Application.php:880)
[stacktrace]
#0 /var/www/vhosts/spgcenter.online/httpdocs/vendor/laravel/framework/src/Illuminate/Foundation/Application.php(814): Illuminate\\Foundation\\Application->resolveProvider()
#1 /var/www/vhosts/spgcenter.online/httpdocs/vendor/laravel/framework/src/Illuminate/Foundation/ProviderRepository.php(75): Illuminate\\Foundation\\Application->register()
#2 /var/www/vhosts/spgcenter.online/httpdocs/vendor/laravel/framework/src/Illuminate/Foundation/Application.php(794): Illuminate\\Foundation\\ProviderRepository->load()
#3 /var/www/vhosts/spgcenter.online/httpdocs/vendor/laravel/framework/src/Illuminate/Foundation/Bootstrap/RegisterProviders.php(17): Illuminate\\Foundation\\Application->registerConfiguredProviders()
#4 /var/www/vhosts/spgcenter.online/httpdocs/vendor/laravel/framework/src/Illuminate/Foundation/Application.php(286): Illuminate\\Foundation\\Bootstrap\\RegisterProviders->bootstrap()
#5 /var/www/vhosts/spgcenter.online/httpdocs/vendor/laravel/framework/src/Illuminate/Foundation/Http/Kernel.php(186): Illuminate\\Foundation\\Application->bootstrapWith()
#6 /var/www/vhosts/spgcenter.online/httpdocs/vendor/laravel/framework/src/Illuminate/Foundation/Http/Kernel.php(170): Illuminate\\Foundation\\Http\\Kernel->bootstrap()
#7 /var/www/vhosts/spgcenter.online/httpdocs/vendor/laravel/framework/src/Illuminate/Foundation/Http/Kernel.php(144): Illuminate\\Foundation\\Http\\Kernel->sendRequestThroughRouter()
#8 /var/www/vhosts/spgcenter.online/httpdocs/public/index.php(51): Illuminate\\Foundation\\Http\\Kernel->handle()
#9 {main}
"} 
[2025-07-31 10:51:53] local.ERROR: Class "NunoMaduro\Collision\Adapters\Laravel\CollisionServiceProvider" not found {"exception":"[object] (Error(code: 0): Class \"NunoMaduro\\Collision\\Adapters\\Laravel\\CollisionServiceProvider\" not found at /var/www/vhosts/spgcenter.online/httpdocs/vendor/laravel/framework/src/Illuminate/Foundation/Application.php:880)
[stacktrace]
#0 /var/www/vhosts/spgcenter.online/httpdocs/vendor/laravel/framework/src/Illuminate/Foundation/Application.php(814): Illuminate\\Foundation\\Application->resolveProvider()
#1 /var/www/vhosts/spgcenter.online/httpdocs/vendor/laravel/framework/src/Illuminate/Foundation/ProviderRepository.php(75): Illuminate\\Foundation\\Application->register()
#2 /var/www/vhosts/spgcenter.online/httpdocs/vendor/laravel/framework/src/Illuminate/Foundation/Application.php(794): Illuminate\\Foundation\\ProviderRepository->load()
#3 /var/www/vhosts/spgcenter.online/httpdocs/vendor/laravel/framework/src/Illuminate/Foundation/Bootstrap/RegisterProviders.php(17): Illuminate\\Foundation\\Application->registerConfiguredProviders()
#4 /var/www/vhosts/spgcenter.online/httpdocs/vendor/laravel/framework/src/Illuminate/Foundation/Application.php(286): Illuminate\\Foundation\\Bootstrap\\RegisterProviders->bootstrap()
#5 /var/www/vhosts/spgcenter.online/httpdocs/vendor/laravel/framework/src/Illuminate/Foundation/Http/Kernel.php(186): Illuminate\\Foundation\\Application->bootstrapWith()
#6 /var/www/vhosts/spgcenter.online/httpdocs/vendor/laravel/framework/src/Illuminate/Foundation/Http/Kernel.php(170): Illuminate\\Foundation\\Http\\Kernel->bootstrap()
#7 /var/www/vhosts/spgcenter.online/httpdocs/vendor/laravel/framework/src/Illuminate/Foundation/Http/Kernel.php(144): Illuminate\\Foundation\\Http\\Kernel->sendRequestThroughRouter()
#8 /var/www/vhosts/spgcenter.online/httpdocs/public/index.php(51): Illuminate\\Foundation\\Http\\Kernel->handle()
#9 {main}
"} 
[2025-07-31 10:51:57] local.ERROR: Class "NunoMaduro\Collision\Adapters\Laravel\CollisionServiceProvider" not found {"exception":"[object] (Error(code: 0): Class \"NunoMaduro\\Collision\\Adapters\\Laravel\\CollisionServiceProvider\" not found at /var/www/vhosts/spgcenter.online/httpdocs/vendor/laravel/framework/src/Illuminate/Foundation/Application.php:880)
[stacktrace]
#0 /var/www/vhosts/spgcenter.online/httpdocs/vendor/laravel/framework/src/Illuminate/Foundation/Application.php(814): Illuminate\\Foundation\\Application->resolveProvider()
#1 /var/www/vhosts/spgcenter.online/httpdocs/vendor/laravel/framework/src/Illuminate/Foundation/ProviderRepository.php(75): Illuminate\\Foundation\\Application->register()
#2 /var/www/vhosts/spgcenter.online/httpdocs/vendor/laravel/framework/src/Illuminate/Foundation/Application.php(794): Illuminate\\Foundation\\ProviderRepository->load()
#3 /var/www/vhosts/spgcenter.online/httpdocs/vendor/laravel/framework/src/Illuminate/Foundation/Bootstrap/RegisterProviders.php(17): Illuminate\\Foundation\\Application->registerConfiguredProviders()
#4 /var/www/vhosts/spgcenter.online/httpdocs/vendor/laravel/framework/src/Illuminate/Foundation/Application.php(286): Illuminate\\Foundation\\Bootstrap\\RegisterProviders->bootstrap()
#5 /var/www/vhosts/spgcenter.online/httpdocs/vendor/laravel/framework/src/Illuminate/Foundation/Http/Kernel.php(186): Illuminate\\Foundation\\Application->bootstrapWith()
#6 /var/www/vhosts/spgcenter.online/httpdocs/vendor/laravel/framework/src/Illuminate/Foundation/Http/Kernel.php(170): Illuminate\\Foundation\\Http\\Kernel->bootstrap()
#7 /var/www/vhosts/spgcenter.online/httpdocs/vendor/laravel/framework/src/Illuminate/Foundation/Http/Kernel.php(144): Illuminate\\Foundation\\Http\\Kernel->sendRequestThroughRouter()
#8 /var/www/vhosts/spgcenter.online/httpdocs/public/index.php(51): Illuminate\\Foundation\\Http\\Kernel->handle()
#9 {main}
"} 
[2025-07-31 10:51:57] local.ERROR: Class "NunoMaduro\Collision\Adapters\Laravel\CollisionServiceProvider" not found {"exception":"[object] (Error(code: 0): Class \"NunoMaduro\\Collision\\Adapters\\Laravel\\CollisionServiceProvider\" not found at /var/www/vhosts/spgcenter.online/httpdocs/vendor/laravel/framework/src/Illuminate/Foundation/Application.php:880)
[stacktrace]
#0 /var/www/vhosts/spgcenter.online/httpdocs/vendor/laravel/framework/src/Illuminate/Foundation/Application.php(814): Illuminate\\Foundation\\Application->resolveProvider()
#1 /var/www/vhosts/spgcenter.online/httpdocs/vendor/laravel/framework/src/Illuminate/Foundation/ProviderRepository.php(75): Illuminate\\Foundation\\Application->register()
#2 /var/www/vhosts/spgcenter.online/httpdocs/vendor/laravel/framework/src/Illuminate/Foundation/Application.php(794): Illuminate\\Foundation\\ProviderRepository->load()
#3 /var/www/vhosts/spgcenter.online/httpdocs/vendor/laravel/framework/src/Illuminate/Foundation/Bootstrap/RegisterProviders.php(17): Illuminate\\Foundation\\Application->registerConfiguredProviders()
#4 /var/www/vhosts/spgcenter.online/httpdocs/vendor/laravel/framework/src/Illuminate/Foundation/Application.php(286): Illuminate\\Foundation\\Bootstrap\\RegisterProviders->bootstrap()
#5 /var/www/vhosts/spgcenter.online/httpdocs/vendor/laravel/framework/src/Illuminate/Foundation/Http/Kernel.php(186): Illuminate\\Foundation\\Application->bootstrapWith()
#6 /var/www/vhosts/spgcenter.online/httpdocs/vendor/laravel/framework/src/Illuminate/Foundation/Http/Kernel.php(170): Illuminate\\Foundation\\Http\\Kernel->bootstrap()
#7 /var/www/vhosts/spgcenter.online/httpdocs/vendor/laravel/framework/src/Illuminate/Foundation/Http/Kernel.php(144): Illuminate\\Foundation\\Http\\Kernel->sendRequestThroughRouter()
#8 /var/www/vhosts/spgcenter.online/httpdocs/public/index.php(51): Illuminate\\Foundation\\Http\\Kernel->handle()
#9 {main}
"} 
[2025-07-31 10:51:59] local.ERROR: Class "NunoMaduro\Collision\Adapters\Laravel\CollisionServiceProvider" not found {"exception":"[object] (Error(code: 0): Class \"NunoMaduro\\Collision\\Adapters\\Laravel\\CollisionServiceProvider\" not found at /var/www/vhosts/spgcenter.online/httpdocs/vendor/laravel/framework/src/Illuminate/Foundation/Application.php:880)
[stacktrace]
#0 /var/www/vhosts/spgcenter.online/httpdocs/vendor/laravel/framework/src/Illuminate/Foundation/Application.php(814): Illuminate\\Foundation\\Application->resolveProvider()
#1 /var/www/vhosts/spgcenter.online/httpdocs/vendor/laravel/framework/src/Illuminate/Foundation/ProviderRepository.php(75): Illuminate\\Foundation\\Application->register()
#2 /var/www/vhosts/spgcenter.online/httpdocs/vendor/laravel/framework/src/Illuminate/Foundation/Application.php(794): Illuminate\\Foundation\\ProviderRepository->load()
#3 /var/www/vhosts/spgcenter.online/httpdocs/vendor/laravel/framework/src/Illuminate/Foundation/Bootstrap/RegisterProviders.php(17): Illuminate\\Foundation\\Application->registerConfiguredProviders()
#4 /var/www/vhosts/spgcenter.online/httpdocs/vendor/laravel/framework/src/Illuminate/Foundation/Application.php(286): Illuminate\\Foundation\\Bootstrap\\RegisterProviders->bootstrap()
#5 /var/www/vhosts/spgcenter.online/httpdocs/vendor/laravel/framework/src/Illuminate/Foundation/Http/Kernel.php(186): Illuminate\\Foundation\\Application->bootstrapWith()
#6 /var/www/vhosts/spgcenter.online/httpdocs/vendor/laravel/framework/src/Illuminate/Foundation/Http/Kernel.php(170): Illuminate\\Foundation\\Http\\Kernel->bootstrap()
#7 /var/www/vhosts/spgcenter.online/httpdocs/vendor/laravel/framework/src/Illuminate/Foundation/Http/Kernel.php(144): Illuminate\\Foundation\\Http\\Kernel->sendRequestThroughRouter()
#8 /var/www/vhosts/spgcenter.online/httpdocs/public/index.php(51): Illuminate\\Foundation\\Http\\Kernel->handle()
#9 {main}
"} 
[2025-07-31 10:52:02] local.ERROR: Class "NunoMaduro\Collision\Adapters\Laravel\CollisionServiceProvider" not found {"exception":"[object] (Error(code: 0): Class \"NunoMaduro\\Collision\\Adapters\\Laravel\\CollisionServiceProvider\" not found at /var/www/vhosts/spgcenter.online/httpdocs/vendor/laravel/framework/src/Illuminate/Foundation/Application.php:880)
[stacktrace]
#0 /var/www/vhosts/spgcenter.online/httpdocs/vendor/laravel/framework/src/Illuminate/Foundation/Application.php(814): Illuminate\\Foundation\\Application->resolveProvider()
#1 /var/www/vhosts/spgcenter.online/httpdocs/vendor/laravel/framework/src/Illuminate/Foundation/ProviderRepository.php(75): Illuminate\\Foundation\\Application->register()
#2 /var/www/vhosts/spgcenter.online/httpdocs/vendor/laravel/framework/src/Illuminate/Foundation/Application.php(794): Illuminate\\Foundation\\ProviderRepository->load()
#3 /var/www/vhosts/spgcenter.online/httpdocs/vendor/laravel/framework/src/Illuminate/Foundation/Bootstrap/RegisterProviders.php(17): Illuminate\\Foundation\\Application->registerConfiguredProviders()
#4 /var/www/vhosts/spgcenter.online/httpdocs/vendor/laravel/framework/src/Illuminate/Foundation/Application.php(286): Illuminate\\Foundation\\Bootstrap\\RegisterProviders->bootstrap()
#5 /var/www/vhosts/spgcenter.online/httpdocs/vendor/laravel/framework/src/Illuminate/Foundation/Http/Kernel.php(186): Illuminate\\Foundation\\Application->bootstrapWith()
#6 /var/www/vhosts/spgcenter.online/httpdocs/vendor/laravel/framework/src/Illuminate/Foundation/Http/Kernel.php(170): Illuminate\\Foundation\\Http\\Kernel->bootstrap()
#7 /var/www/vhosts/spgcenter.online/httpdocs/vendor/laravel/framework/src/Illuminate/Foundation/Http/Kernel.php(144): Illuminate\\Foundation\\Http\\Kernel->sendRequestThroughRouter()
#8 /var/www/vhosts/spgcenter.online/httpdocs/public/index.php(51): Illuminate\\Foundation\\Http\\Kernel->handle()
#9 {main}
"} 
[2025-07-31 10:52:07] local.ERROR: Class "NunoMaduro\Collision\Adapters\Laravel\CollisionServiceProvider" not found {"exception":"[object] (Error(code: 0): Class \"NunoMaduro\\Collision\\Adapters\\Laravel\\CollisionServiceProvider\" not found at /var/www/vhosts/spgcenter.online/httpdocs/vendor/laravel/framework/src/Illuminate/Foundation/Application.php:880)
[stacktrace]
#0 /var/www/vhosts/spgcenter.online/httpdocs/vendor/laravel/framework/src/Illuminate/Foundation/Application.php(814): Illuminate\\Foundation\\Application->resolveProvider()
#1 /var/www/vhosts/spgcenter.online/httpdocs/vendor/laravel/framework/src/Illuminate/Foundation/ProviderRepository.php(75): Illuminate\\Foundation\\Application->register()
#2 /var/www/vhosts/spgcenter.online/httpdocs/vendor/laravel/framework/src/Illuminate/Foundation/Application.php(794): Illuminate\\Foundation\\ProviderRepository->load()
#3 /var/www/vhosts/spgcenter.online/httpdocs/vendor/laravel/framework/src/Illuminate/Foundation/Bootstrap/RegisterProviders.php(17): Illuminate\\Foundation\\Application->registerConfiguredProviders()
#4 /var/www/vhosts/spgcenter.online/httpdocs/vendor/laravel/framework/src/Illuminate/Foundation/Application.php(286): Illuminate\\Foundation\\Bootstrap\\RegisterProviders->bootstrap()
#5 /var/www/vhosts/spgcenter.online/httpdocs/vendor/laravel/framework/src/Illuminate/Foundation/Http/Kernel.php(186): Illuminate\\Foundation\\Application->bootstrapWith()
#6 /var/www/vhosts/spgcenter.online/httpdocs/vendor/laravel/framework/src/Illuminate/Foundation/Http/Kernel.php(170): Illuminate\\Foundation\\Http\\Kernel->bootstrap()
#7 /var/www/vhosts/spgcenter.online/httpdocs/vendor/laravel/framework/src/Illuminate/Foundation/Http/Kernel.php(144): Illuminate\\Foundation\\Http\\Kernel->sendRequestThroughRouter()
#8 /var/www/vhosts/spgcenter.online/httpdocs/public/index.php(51): Illuminate\\Foundation\\Http\\Kernel->handle()
#9 {main}
"} 
[2025-07-31 10:52:30] local.ERROR: Class "NunoMaduro\Collision\Adapters\Laravel\CollisionServiceProvider" not found {"exception":"[object] (Error(code: 0): Class \"NunoMaduro\\Collision\\Adapters\\Laravel\\CollisionServiceProvider\" not found at /var/www/vhosts/spgcenter.online/httpdocs/vendor/laravel/framework/src/Illuminate/Foundation/Application.php:880)
[stacktrace]
#0 /var/www/vhosts/spgcenter.online/httpdocs/vendor/laravel/framework/src/Illuminate/Foundation/Application.php(814): Illuminate\\Foundation\\Application->resolveProvider()
#1 /var/www/vhosts/spgcenter.online/httpdocs/vendor/laravel/framework/src/Illuminate/Foundation/ProviderRepository.php(75): Illuminate\\Foundation\\Application->register()
#2 /var/www/vhosts/spgcenter.online/httpdocs/vendor/laravel/framework/src/Illuminate/Foundation/Application.php(794): Illuminate\\Foundation\\ProviderRepository->load()
#3 /var/www/vhosts/spgcenter.online/httpdocs/vendor/laravel/framework/src/Illuminate/Foundation/Bootstrap/RegisterProviders.php(17): Illuminate\\Foundation\\Application->registerConfiguredProviders()
#4 /var/www/vhosts/spgcenter.online/httpdocs/vendor/laravel/framework/src/Illuminate/Foundation/Application.php(286): Illuminate\\Foundation\\Bootstrap\\RegisterProviders->bootstrap()
#5 /var/www/vhosts/spgcenter.online/httpdocs/vendor/laravel/framework/src/Illuminate/Foundation/Http/Kernel.php(186): Illuminate\\Foundation\\Application->bootstrapWith()
#6 /var/www/vhosts/spgcenter.online/httpdocs/vendor/laravel/framework/src/Illuminate/Foundation/Http/Kernel.php(170): Illuminate\\Foundation\\Http\\Kernel->bootstrap()
#7 /var/www/vhosts/spgcenter.online/httpdocs/vendor/laravel/framework/src/Illuminate/Foundation/Http/Kernel.php(144): Illuminate\\Foundation\\Http\\Kernel->sendRequestThroughRouter()
#8 /var/www/vhosts/spgcenter.online/httpdocs/public/index.php(51): Illuminate\\Foundation\\Http\\Kernel->handle()
#9 {main}
"} 
[2025-07-31 10:52:40] local.ERROR: Class "NunoMaduro\Collision\Adapters\Laravel\CollisionServiceProvider" not found {"exception":"[object] (Error(code: 0): Class \"NunoMaduro\\Collision\\Adapters\\Laravel\\CollisionServiceProvider\" not found at /var/www/vhosts/spgcenter.online/httpdocs/vendor/laravel/framework/src/Illuminate/Foundation/Application.php:880)
[stacktrace]
#0 /var/www/vhosts/spgcenter.online/httpdocs/vendor/laravel/framework/src/Illuminate/Foundation/Application.php(814): Illuminate\\Foundation\\Application->resolveProvider()
#1 /var/www/vhosts/spgcenter.online/httpdocs/vendor/laravel/framework/src/Illuminate/Foundation/ProviderRepository.php(75): Illuminate\\Foundation\\Application->register()
#2 /var/www/vhosts/spgcenter.online/httpdocs/vendor/laravel/framework/src/Illuminate/Foundation/Application.php(794): Illuminate\\Foundation\\ProviderRepository->load()
#3 /var/www/vhosts/spgcenter.online/httpdocs/vendor/laravel/framework/src/Illuminate/Foundation/Bootstrap/RegisterProviders.php(17): Illuminate\\Foundation\\Application->registerConfiguredProviders()
#4 /var/www/vhosts/spgcenter.online/httpdocs/vendor/laravel/framework/src/Illuminate/Foundation/Application.php(286): Illuminate\\Foundation\\Bootstrap\\RegisterProviders->bootstrap()
#5 /var/www/vhosts/spgcenter.online/httpdocs/vendor/laravel/framework/src/Illuminate/Foundation/Http/Kernel.php(186): Illuminate\\Foundation\\Application->bootstrapWith()
#6 /var/www/vhosts/spgcenter.online/httpdocs/vendor/laravel/framework/src/Illuminate/Foundation/Http/Kernel.php(170): Illuminate\\Foundation\\Http\\Kernel->bootstrap()
#7 /var/www/vhosts/spgcenter.online/httpdocs/vendor/laravel/framework/src/Illuminate/Foundation/Http/Kernel.php(144): Illuminate\\Foundation\\Http\\Kernel->sendRequestThroughRouter()
#8 /var/www/vhosts/spgcenter.online/httpdocs/public/index.php(51): Illuminate\\Foundation\\Http\\Kernel->handle()
#9 {main}
"} 
[2025-07-31 10:53:01] local.ERROR: Class "NunoMaduro\Collision\Adapters\Laravel\CollisionServiceProvider" not found {"exception":"[object] (Error(code: 0): Class \"NunoMaduro\\Collision\\Adapters\\Laravel\\CollisionServiceProvider\" not found at /var/www/vhosts/spgcenter.online/httpdocs/vendor/laravel/framework/src/Illuminate/Foundation/Application.php:880)
[stacktrace]
#0 /var/www/vhosts/spgcenter.online/httpdocs/vendor/laravel/framework/src/Illuminate/Foundation/Application.php(814): Illuminate\\Foundation\\Application->resolveProvider()
#1 /var/www/vhosts/spgcenter.online/httpdocs/vendor/laravel/framework/src/Illuminate/Foundation/ProviderRepository.php(75): Illuminate\\Foundation\\Application->register()
#2 /var/www/vhosts/spgcenter.online/httpdocs/vendor/laravel/framework/src/Illuminate/Foundation/Application.php(794): Illuminate\\Foundation\\ProviderRepository->load()
#3 /var/www/vhosts/spgcenter.online/httpdocs/vendor/laravel/framework/src/Illuminate/Foundation/Bootstrap/RegisterProviders.php(17): Illuminate\\Foundation\\Application->registerConfiguredProviders()
#4 /var/www/vhosts/spgcenter.online/httpdocs/vendor/laravel/framework/src/Illuminate/Foundation/Application.php(286): Illuminate\\Foundation\\Bootstrap\\RegisterProviders->bootstrap()
#5 /var/www/vhosts/spgcenter.online/httpdocs/vendor/laravel/framework/src/Illuminate/Foundation/Http/Kernel.php(186): Illuminate\\Foundation\\Application->bootstrapWith()
#6 /var/www/vhosts/spgcenter.online/httpdocs/vendor/laravel/framework/src/Illuminate/Foundation/Http/Kernel.php(170): Illuminate\\Foundation\\Http\\Kernel->bootstrap()
#7 /var/www/vhosts/spgcenter.online/httpdocs/vendor/laravel/framework/src/Illuminate/Foundation/Http/Kernel.php(144): Illuminate\\Foundation\\Http\\Kernel->sendRequestThroughRouter()
#8 /var/www/vhosts/spgcenter.online/httpdocs/public/index.php(51): Illuminate\\Foundation\\Http\\Kernel->handle()
#9 {main}
"} 
[2025-07-31 10:53:23] local.ERROR: Class "NunoMaduro\Collision\Adapters\Laravel\CollisionServiceProvider" not found {"exception":"[object] (Error(code: 0): Class \"NunoMaduro\\Collision\\Adapters\\Laravel\\CollisionServiceProvider\" not found at /var/www/vhosts/spgcenter.online/httpdocs/vendor/laravel/framework/src/Illuminate/Foundation/Application.php:880)
[stacktrace]
#0 /var/www/vhosts/spgcenter.online/httpdocs/vendor/laravel/framework/src/Illuminate/Foundation/Application.php(814): Illuminate\\Foundation\\Application->resolveProvider()
#1 /var/www/vhosts/spgcenter.online/httpdocs/vendor/laravel/framework/src/Illuminate/Foundation/ProviderRepository.php(75): Illuminate\\Foundation\\Application->register()
#2 /var/www/vhosts/spgcenter.online/httpdocs/vendor/laravel/framework/src/Illuminate/Foundation/Application.php(794): Illuminate\\Foundation\\ProviderRepository->load()
#3 /var/www/vhosts/spgcenter.online/httpdocs/vendor/laravel/framework/src/Illuminate/Foundation/Bootstrap/RegisterProviders.php(17): Illuminate\\Foundation\\Application->registerConfiguredProviders()
#4 /var/www/vhosts/spgcenter.online/httpdocs/vendor/laravel/framework/src/Illuminate/Foundation/Application.php(286): Illuminate\\Foundation\\Bootstrap\\RegisterProviders->bootstrap()
#5 /var/www/vhosts/spgcenter.online/httpdocs/vendor/laravel/framework/src/Illuminate/Foundation/Http/Kernel.php(186): Illuminate\\Foundation\\Application->bootstrapWith()
#6 /var/www/vhosts/spgcenter.online/httpdocs/vendor/laravel/framework/src/Illuminate/Foundation/Http/Kernel.php(170): Illuminate\\Foundation\\Http\\Kernel->bootstrap()
#7 /var/www/vhosts/spgcenter.online/httpdocs/vendor/laravel/framework/src/Illuminate/Foundation/Http/Kernel.php(144): Illuminate\\Foundation\\Http\\Kernel->sendRequestThroughRouter()
#8 /var/www/vhosts/spgcenter.online/httpdocs/public/index.php(51): Illuminate\\Foundation\\Http\\Kernel->handle()
#9 {main}
"} 
[2025-07-31 10:53:41] local.ERROR: Class "NunoMaduro\Collision\Adapters\Laravel\CollisionServiceProvider" not found {"exception":"[object] (Error(code: 0): Class \"NunoMaduro\\Collision\\Adapters\\Laravel\\CollisionServiceProvider\" not found at /var/www/vhosts/spgcenter.online/httpdocs/vendor/laravel/framework/src/Illuminate/Foundation/Application.php:880)
[stacktrace]
#0 /var/www/vhosts/spgcenter.online/httpdocs/vendor/laravel/framework/src/Illuminate/Foundation/Application.php(814): Illuminate\\Foundation\\Application->resolveProvider()
#1 /var/www/vhosts/spgcenter.online/httpdocs/vendor/laravel/framework/src/Illuminate/Foundation/ProviderRepository.php(75): Illuminate\\Foundation\\Application->register()
#2 /var/www/vhosts/spgcenter.online/httpdocs/vendor/laravel/framework/src/Illuminate/Foundation/Application.php(794): Illuminate\\Foundation\\ProviderRepository->load()
#3 /var/www/vhosts/spgcenter.online/httpdocs/vendor/laravel/framework/src/Illuminate/Foundation/Bootstrap/RegisterProviders.php(17): Illuminate\\Foundation\\Application->registerConfiguredProviders()
#4 /var/www/vhosts/spgcenter.online/httpdocs/vendor/laravel/framework/src/Illuminate/Foundation/Application.php(286): Illuminate\\Foundation\\Bootstrap\\RegisterProviders->bootstrap()
#5 /var/www/vhosts/spgcenter.online/httpdocs/vendor/laravel/framework/src/Illuminate/Foundation/Http/Kernel.php(186): Illuminate\\Foundation\\Application->bootstrapWith()
#6 /var/www/vhosts/spgcenter.online/httpdocs/vendor/laravel/framework/src/Illuminate/Foundation/Http/Kernel.php(170): Illuminate\\Foundation\\Http\\Kernel->bootstrap()
#7 /var/www/vhosts/spgcenter.online/httpdocs/vendor/laravel/framework/src/Illuminate/Foundation/Http/Kernel.php(144): Illuminate\\Foundation\\Http\\Kernel->sendRequestThroughRouter()
#8 /var/www/vhosts/spgcenter.online/httpdocs/public/index.php(51): Illuminate\\Foundation\\Http\\Kernel->handle()
#9 {main}
"} 
